nohup: ignoring input
/home/francesco/miniconda3/envs/ndvi/lib/python3.11/site-packages/zarr/codecs/vlen_utf8.py:44: UserWarning: The codec `vlen-utf8` is currently not part in the Zarr format 3 specification. It may not be supported by other zarr implementations and may change in the future.
  return cls(**configuration_parsed)
Window cols 21291..21391 (101), rows 6453..6553 (101)
Mask has 105715396 True pixels.
Pixels in window: 10201, masked pixels: 2172
Saved GIF: ndvi_lowland_broadleaf_non_gapfilled.gif
0
100
200
300
400
500
600
700
800
900
1000
1100
1200
1300
1400
1500
1600
1700
1800
1900
2000
2100
Saved GIF: ndvi_lowland_broadleaf_gapfilled.gif
