nohup: ignoring input
Window cols 21893..21993 (101), rows 18729..18829 (101)
Mask has 105715396 True pixels.
Pixels in window: 10201, masked pixels: 9238
/home/francesco/miniconda3/envs/ndvi/lib/python3.11/site-packages/zarr/codecs/vlen_utf8.py:44: UserWarning: The codec `vlen-utf8` is currently not part in the Zarr format 3 specification. It may not be supported by other zarr implementations and may change in the future.
  return cls(**configuration_parsed)
Gapfilling pixel 0/9238
Gapfilling pixel 1000/9238
Gapfilling pixel 2000/9238
Gapfilling pixel 3000/9238
Gapfilling pixel 4000/9238
Gapfilling pixel 5000/9238
Gapfilling pixel 6000/9238
Gapfilling pixel 7000/9238
Gapfilling pixel 8000/9238
Gapfilling pixel 9000/9238
done
0
100
200
300
400
500
600
700
800
900
Saved combined GIF: ndvi_highland_broadleaf_combined.gif
