/home/francesco/miniconda3/envs/ndvi/lib/python3.11/site-packages/zarr/codecs/vlen_utf8.py:44: UserWarning: The codec `vlen-utf8` is currently not part in the Zarr format 3 specification. It may not be supported by other zarr implementations and may change in the future.
  return cls(**configuration_parsed)
Window cols 21743..21843 (101), rows 18858..18958 (101)
Mask has 105715396 True pixels.
Pixels in window: 10201, masked pixels: 8636
Mask has 105715396 True pixels.
Pixels in window: 10201, masked pixels: 8636
Window extent: (2691520.0, 2692530.0, 1120940.0, 1121950.0)
win_rows, win_cols: 101 101
Masked pixels in window: 8636
Gapfilling pixel 0/8636
Gapfilling pixel 500/8636
Gapfilling pixel 1000/8636
Gapfilling pixel 1500/8636
Gapfilling pixel 2000/8636
Gapfilling pixel 2500/8636
Gapfilling pixel 3000/8636
Gapfilling pixel 3500/8636
Gapfilling pixel 4000/8636
Gapfilling pixel 4500/8636
Gapfilling pixel 5000/8636
Gapfilling pixel 5500/8636
Gapfilling pixel 6000/8636
Gapfilling pixel 6500/8636
Gapfilling pixel 7000/8636
Gapfilling pixel 7500/8636
Gapfilling pixel 8000/8636
Gapfilling pixel 8500/8636
finished gapfilling
Step: 0 / 2981
Step: 50 / 2981
Step: 100 / 2981
Step: 150 / 2981
Step: 200 / 2981
Step: 250 / 2981
Step: 300 / 2981
Step: 350 / 2981
Step: 400 / 2981
Step: 450 / 2981
Step: 500 / 2981
Step: 550 / 2981
Step: 600 / 2981
Step: 650 / 2981
Step: 700 / 2981
Step: 750 / 2981
Step: 800 / 2981
Step: 850 / 2981
Step: 900 / 2981
Step: 950 / 2981
Step: 1000 / 2981
Step: 1050 / 2981
Step: 1100 / 2981
Step: 1150 / 2981
Step: 1200 / 2981
Step: 1250 / 2981
Step: 1300 / 2981
Step: 1350 / 2981
Step: 1400 / 2981
Step: 1450 / 2981
Step: 1500 / 2981
Step: 1550 / 2981
Step: 1600 / 2981
Step: 1650 / 2981
Step: 1700 / 2981
Step: 1750 / 2981
Step: 1800 / 2981
Step: 1850 / 2981
Step: 1900 / 2981
Step: 1950 / 2981
Step: 2000 / 2981
Step: 2050 / 2981
Step: 2100 / 2981
Step: 2150 / 2981
Step: 2200 / 2981
Step: 2250 / 2981
Step: 2300 / 2981
Step: 2350 / 2981
Step: 2400 / 2981
Step: 2450 / 2981
Step: 2500 / 2981
Step: 2550 / 2981
Step: 2600 / 2981
Step: 2650 / 2981
Step: 2700 / 2981
Step: 2750 / 2981
Step: 2800 / 2981
Step: 2850 / 2981
Step: 2900 / 2981
Step: 2950 / 2981
done
