/home/francesco/miniconda3/envs/ndvi/lib/python3.11/site-packages/zarr/codecs/vlen_utf8.py:44: UserWarning: The codec `vlen-utf8` is currently not part in the Zarr format 3 specification. It may not be supported by other zarr implementations and may change in the future.
  return cls(**configuration_parsed)
Window cols 28650..28750 (101), rows 11541..11641 (101)
Window cols 28650..28750 (101), rows 11541..11641 (101)
Mask has 105715396 True pixels.
Pixels in window: 10201, masked pixels: 7082
Gapfilling pixel 0/7082
Gapfilling pixel 500/7082
Traceback (most recent call last):
  File "/home/francesco/data_scratch/swiss-ndvi-processing/demo/notebook/lowland_evergreen.py", line 197, in <module>
    ndvi_gapfilled, outlier_arr, q_hi, q_low, delta_diff, iqr_param, smoothed,valid_outlier,valid_idx,deltas = gapfill_ndvi(ndvi_sorted, lower, upper,forecasting=False,
                                                                                                               ^^^^^^^^^^^^^^^^^^^^^^^^^^^^^^^^^^^^^^^^^^^^^^^^^^^^^^^^^
  File "/home/francesco/data_scratch/swiss-ndvi-processing/demo/notebook/functions.py", line 260, in gapfill_ndvi
    loess_smooth = sm.nonparametric.lowess(
                   ^^^^^^^^^^^^^^^^^^^^^^^^
  File "/home/francesco/miniconda3/envs/ndvi/lib/python3.11/site-packages/statsmodels/nonparametric/smoothers_lowess.py", line 226, in lowess
    res, _ = _lowess(y, x, x, np.ones_like(x),
             ^^^^^^^^^^^^^^^^^^^^^^^^^^^^^^^^^
  File "statsmodels/nonparametric/_smoothers_lowess.pyx", line 201, in statsmodels.nonparametric._smoothers_lowess.lowess
  File "statsmodels/nonparametric/_smoothers_lowess.pyx", line 346, in statsmodels.nonparametric._smoothers_lowess.calculate_weights
  File "/home/francesco/miniconda3/envs/ndvi/lib/python3.11/site-packages/numpy/_core/fromnumeric.py", line 2333, in _sum_dispatcher
    def _sum_dispatcher(a, axis=None, dtype=None, out=None, keepdims=None,
    
KeyboardInterrupt
