nohup: ignoring input
Window cols 30794..30894 (101), rows 12605..12705 (101)
Mask has 105715396 True pixels.
Pixels in window: 10201, masked pixels: 6409
/home/francesco/miniconda3/envs/ndvi/lib/python3.11/site-packages/zarr/codecs/vlen_utf8.py:44: UserWarning: The codec `vlen-utf8` is currently not part in the Zarr format 3 specification. It may not be supported by other zarr implementations and may change in the future.
  return cls(**configuration_parsed)
done
Gapfilling pixel 0/6409
Gapfilling pixel 1000/6409
Gapfilling pixel 2000/6409
Gapfilling pixel 3000/6409
Gapfilling pixel 4000/6409
Gapfilling pixel 5000/6409
Gapfilling pixel 6000/6409
Step: 0
Step: 100
Step: 200
Step: 300
Step: 400
Step: 500
Step: 600
Step: 700
Step: 800
Step: 900
All GIFs saved.
