nohup: ignoring input
Window cols 21893..21993 (101), rows 18729..18829 (101)
Mask has 105715396 True pixels.
Pixels in window: 10201, masked pixels: 9238
/home/francesco/miniconda3/envs/ndvi/lib/python3.11/site-packages/zarr/codecs/vlen_utf8.py:44: UserWarning: The codec `vlen-utf8` is currently not part in the Zarr format 3 specification. It may not be supported by other zarr implementations and may change in the future.
  return cls(**configuration_parsed)
done
Gapfilling pixel 0/9238
Gapfilling pixel 1000/9238
Gapfilling pixel 2000/9238
Gapfilling pixel 3000/9238
Gapfilling pixel 4000/9238
Gapfilling pixel 5000/9238
Gapfilling pixel 6000/9238
Gapfilling pixel 7000/9238
Gapfilling pixel 8000/9238
Gapfilling pixel 9000/9238
Step: 0
Step: 100
Step: 200
Step: 300
Step: 400
Step: 500
Step: 600
Step: 700
Step: 800
Step: 900
All GIFs saved.
